2024-07-26 06:22:23,136 - app - INFO - User logged in: admin
2024-07-26 06:22:32,538 - app - INFO - Record deleted by 66a273430ef06d8a9bc62470: 66a2c53220c106cd6d445393
2024-07-26 06:44:42,553 - app - INFO - User logged out: 66a273430ef06d8a9bc62470
2024-07-26 06:50:21,070 - app - INFO - User logged in: admin
2024-07-26 06:50:23,222 - app - INFO - User logged out: 66a273430ef06d8a9bc62470
2024-07-26 06:50:25,801 - app - INFO - User logged in: admin
2024-07-26 07:06:27,157 - app - INFO - User logged out: 66a273430ef06d8a9bc62470
2024-07-26 07:15:07,071 - app - INFO - User logged in: admin
2024-07-26 07:15:29,403 - app - INFO - Record added by 66a273430ef06d8a9bc62470: Dape, 1, rewel
2024-07-26 08:55:49,217 - app - INFO - User logged in: admin
2024-07-26 08:55:51,821 - app - INFO - Record deleted by 66a273430ef06d8a9bc62470: 66a2c9a42cd74a0d8d9cf7ad
2024-07-26 08:56:41,529 - app - INFO - User logged out: 66a273430ef06d8a9bc62470
2024-07-26 08:56:44,344 - app - INFO - User logged in: dave
2024-07-26 08:57:06,591 - app - INFO - Record deleted by 66a30254110ba0831956a4a9: 66a2eaa1c645f55980a4daa4
2024-07-26 09:26:11,370 - app - INFO - User logged in: david
2024-07-26 09:26:14,060 - app - INFO - User logged in: admin
2024-07-26 09:28:04,126 - app - INFO - Record added by 66a273430ef06d8a9bc62470: Dape, 1
2024-07-26 09:29:06,408 - app - INFO - Record added by 66a273430ef06d8a9bc62470: David, 20, SASA
2024-07-26 09:29:19,519 - app - INFO - Record added by 66a273430ef06d8a9bc62470: Gilang Adi Saputra, 12, S
2024-07-26 09:29:26,084 - app - INFO - Record deleted by 66a273430ef06d8a9bc62470: 66a309b433a9f8fd4142c724
2024-07-26 10:15:14,907 - app - INFO - Record deleted by 66a273430ef06d8a9bc62470: 66a309f23a762f32fc72c5eb
2024-07-26 10:15:15,565 - app - INFO - Record deleted by 66a273430ef06d8a9bc62470: 66a309ff3a762f32fc72c5ec
2024-07-26 10:15:46,118 - app - INFO - Record added by 66a273430ef06d8a9bc62470: Gilang Adi Saputra, 19, Kencing nanah Muntah Tai
2024-07-26 10:16:00,919 - app - INFO - User logged out: 66a273430ef06d8a9bc62470
2024-07-26 10:16:05,261 - app - INFO - User logged in: admin
2024-07-26 10:16:09,528 - app - INFO - User logged out: 66a273430ef06d8a9bc62470
2024-07-26 10:16:19,045 - app - INFO - User logged in: admin
2024-07-26 10:41:30,228 - app - INFO - User logged out: 66a273430ef06d8a9bc62470
2024-07-26 10:43:35,444 - app - INFO - User logged in: admin
2024-07-26 10:45:20,647 - app - INFO - User logged out: 66a273430ef06d8a9bc62470
2024-07-26 10:48:36,556 - app - WARNING - Failed login attempt: admin with role Dokter
2024-07-26 11:04:07,678 - app - WARNING - Failed login attempt: admin with role Dokter
2024-07-26 11:07:42,360 - app - INFO - Login attempt: Dokter, Role: Dokter
2024-07-26 11:07:42,377 - app - INFO - User found in database: Dokter
2024-07-26 11:08:41,826 - app - INFO - Login attempt: Dokter, Role: Dokter
2024-07-26 11:08:41,827 - app - INFO - User found in database: Dokter
2024-07-26 11:08:42,053 - app - INFO - User logged in: Dokter with role Dokter
2024-07-26 11:08:42,061 - app - ERROR - Decryption Error:  for record {'_id': ObjectId('66a314e2ac491475fb13af25'), 'name': 'Gilang Adi Saputra', 'age': '19', 'diagnosis': 'Kencing nanah Muntah Tai'}
2024-07-26 11:11:44,999 - app - INFO - Login attempt: Dokter, Role: Dokter
2024-07-26 11:11:45,000 - app - INFO - User found in database: Dokter
2024-07-26 11:11:45,509 - app - INFO - User logged in: Dokter with role Dokter
2024-07-26 11:11:45,519 - app - ERROR - Decryption Error:  for record {'_id': ObjectId('66a314e2ac491475fb13af25'), 'name': 'Gilang Adi Saputra', 'age': '19', 'diagnosis': 'Kencing nanah Muntah Tai'}
2024-07-26 11:11:49,272 - app - INFO - Login attempt: Dokter, Role: Suster
2024-07-26 11:11:49,274 - app - INFO - User found in database: Dokter
2024-07-26 11:11:49,790 - app - WARNING - Failed login attempt: Dokter with role Suster
2024-07-26 11:11:53,276 - app - INFO - Login attempt: Dokter, Role: Dokter
2024-07-26 11:11:53,278 - app - INFO - User found in database: Dokter
2024-07-26 11:11:53,782 - app - INFO - User logged in: Dokter with role Dokter
2024-07-26 11:11:53,788 - app - ERROR - Decryption Error:  for record {'_id': ObjectId('66a314e2ac491475fb13af25'), 'name': 'Gilang Adi Saputra', 'age': '19', 'diagnosis': 'Kencing nanah Muntah Tai'}
2024-07-26 11:12:01,856 - app - INFO - User 66a31eb8110ba0831956a4b3 with role Dokter attempting to access add_record
2024-07-26 11:12:01,860 - app - INFO - Record added by 66a31eb8110ba0831956a4b3: David, 20
2024-07-26 11:12:01,867 - app - ERROR - Decryption Error:  for record {'_id': ObjectId('66a314e2ac491475fb13af25'), 'name': 'Gilang Adi Saputra', 'age': '19', 'diagnosis': 'Kencing nanah Muntah Tai'}
2024-07-26 11:12:28,630 - app - INFO - User 66a31eb8110ba0831956a4b3 with role Dokter attempting to access delete_record
2024-07-26 11:12:28,631 - app - INFO - Record deleted by 66a31eb8110ba0831956a4b3: 66a3221133a66f7fb68a2136
2024-07-26 11:13:08,406 - app - INFO - User 66a31eb8110ba0831956a4b3 with role Dokter attempting to access add_record
2024-07-26 11:13:08,408 - app - INFO - Record added by 66a31eb8110ba0831956a4b3: Rizky, 20
2024-07-26 11:15:05,701 - app - INFO - User 66a31eb8110ba0831956a4b3 with role Dokter attempting to access delete_record
2024-07-26 11:15:05,702 - app - INFO - Record deleted by 66a31eb8110ba0831956a4b3: 66a3225433a66f7fb68a2137
2024-07-26 11:15:13,663 - app - INFO - User 66a31eb8110ba0831956a4b3 with role Dokter attempting to access add_record
2024-07-26 11:15:13,665 - app - INFO - Record added by 66a31eb8110ba0831956a4b3: Rizky, 20
2024-07-26 11:16:00,249 - app - INFO - User 66a31eb8110ba0831956a4b3 with role Dokter attempting to access delete_record
2024-07-26 11:16:00,250 - app - INFO - Record deleted by 66a31eb8110ba0831956a4b3: 66a322d133a66f7fb68a2138
2024-07-26 11:18:12,891 - app - INFO - User 66a31eb8110ba0831956a4b3 with role Dokter attempting to access add_record
2024-07-26 11:18:12,900 - app - INFO - Record added by 66a31eb8110ba0831956a4b3: David, 20
2024-07-26 11:18:28,673 - app - INFO - User logged out: 66a31eb8110ba0831956a4b3
2024-07-26 11:18:36,330 - app - INFO - Login attempt: Suster, Role: Suster
2024-07-26 11:18:36,331 - app - INFO - User found in database: Suster
2024-07-26 11:18:36,819 - app - INFO - User logged in: Suster with role Suster
2024-07-26 11:20:14,105 - app - INFO - User logged out: 66a32365110ba0831956a4b7
2024-07-26 11:20:19,752 - app - INFO - Login attempt: Dokter, Role: Dokter
2024-07-26 11:20:19,754 - app - INFO - User found in database: Dokter
2024-07-26 11:20:20,202 - app - INFO - User logged in: Dokter with role Dokter
2024-07-26 11:20:23,390 - app - INFO - User logged out: 66a31eb8110ba0831956a4b3
2024-07-26 11:20:31,650 - app - INFO - Login attempt: Suster, Role: Suster
2024-07-26 11:20:31,651 - app - INFO - User found in database: Suster
2024-07-26 11:20:32,111 - app - INFO - User logged in: Suster with role Suster
2024-07-26 11:20:35,011 - app - INFO - User 66a32365110ba0831956a4b7 with role Suster attempting to access delete_record
2024-07-26 11:20:35,011 - app - WARNING - Access denied for user 66a32365110ba0831956a4b7 with role Suster to delete_record
2024-07-26 11:20:42,131 - app - INFO - User 66a32365110ba0831956a4b7 with role Suster attempting to access add_record
2024-07-26 11:20:42,132 - app - WARNING - Access denied for user 66a32365110ba0831956a4b7 with role Suster to add_record
